2018-07-03 17:02:26.265  INFO 13808 --- [main] com.example.demo.SampleApplication       : Starting SampleApplication on DESKTOP-DN42ATG with PID 13808 (D:\rjgcdlks\sample-master\target\classes started by Algol in D:\rjgcdlks\sample-master)
2018-07-03 17:02:26.300  INFO 13808 --- [main] com.example.demo.SampleApplication       : No active profile set, falling back to default profiles: default
2018-07-03 17:02:26.339  INFO 13808 --- [main] ConfigServletWebServerApplicationContext : Refreshing org.springframework.boot.web.servlet.context.AnnotationConfigServletWebServerApplicationContext@79b06cab: startup date [Tue Jul 03 17:02:26 CST 2018]; root of context hierarchy
2018-07-03 17:02:27.235  INFO 13808 --- [main] o.s.b.w.embedded.tomcat.TomcatWebServer  : Tomcat initialized with port(s): 8080 (http)
2018-07-03 17:02:27.252  INFO 13808 --- [main] o.apache.catalina.core.StandardService   : Starting service [Tomcat]
2018-07-03 17:02:27.253  INFO 13808 --- [main] org.apache.catalina.core.StandardEngine  : Starting Servlet Engine: Apache Tomcat/8.5.31
2018-07-03 17:02:27.256  INFO 13808 --- [localhost-startStop-1] o.a.catalina.core.AprLifecycleListener   : The APR based Apache Tomcat Native library which allows optimal performance in production environments was not found on the java.library.path: [C:\Program Files\Java\jdk1.8.0_151\bin;C:\WINDOWS\Sun\Java\bin;C:\WINDOWS\system32;C:\WINDOWS;C:\Program Files (x86)\Common Files\Oracle\Java\javapath;%MAVEN_HOME%\bin;C:\ProgramData\Oracle\Java\javapath;C:\Program Files (x86)\Common Files\Intel\Shared Libraries\redist\intel64\compiler;C:\Windows\system32;C:\Windows;C:\Windows\System32\Wbem;C:\Windows\System32\WindowsPowerShell\v1.0\;C:\Program Files (x86)\NVIDIA Corporation\PhysX\Common;C:\Program Files\Microsoft SQL Server\120\Tools\Binn\;C:\Program Files\Microsoft SQL Server\130\Tools\Binn\;C:\WINDOWS\system32;C:\WINDOWS;C:\WINDOWS\System32\Wbem;C:\WINDOWS\System32\WindowsPowerShell\v1.0\;D:\opencv\opencv\build\x64\vc14\bin;C:\Program Files (x86)\Rational\common;C:\Program Files\dotnet\;C:\WINDOWS\System32\OpenSSH\;c:\altera\90\quartus\bin;D:\Git\cmd;C:\Users\Algol\AppData\Local\Microsoft\WindowsApps;D:\MaShang6\bin;C:\Program Files\MySQL\MySQL Server 8.0\bin;.]
2018-07-03 17:02:27.330  INFO 13808 --- [localhost-startStop-1] o.a.c.c.C.[Tomcat].[localhost].[/]       : Initializing Spring embedded WebApplicationContext
2018-07-03 17:02:27.330  INFO 13808 --- [localhost-startStop-1] o.s.web.context.ContextLoader            : Root WebApplicationContext: initialization completed in 991 ms
2018-07-03 17:02:27.429  INFO 13808 --- [localhost-startStop-1] o.s.b.w.servlet.ServletRegistrationBean  : Servlet dispatcherServlet mapped to [/]
2018-07-03 17:02:27.433  INFO 13808 --- [localhost-startStop-1] o.s.b.w.servlet.FilterRegistrationBean   : Mapping filter: 'characterEncodingFilter' to: [/*]
2018-07-03 17:02:27.433  INFO 13808 --- [localhost-startStop-1] o.s.b.w.servlet.FilterRegistrationBean   : Mapping filter: 'hiddenHttpMethodFilter' to: [/*]
2018-07-03 17:02:27.433  INFO 13808 --- [localhost-startStop-1] o.s.b.w.servlet.FilterRegistrationBean   : Mapping filter: 'httpPutFormContentFilter' to: [/*]
2018-07-03 17:02:27.433  INFO 13808 --- [localhost-startStop-1] o.s.b.w.servlet.FilterRegistrationBean   : Mapping filter: 'requestContextFilter' to: [/*]
2018-07-03 17:02:27.653  INFO 13808 --- [main] o.s.w.s.handler.SimpleUrlHandlerMapping  : Mapped URL path [/**/favicon.ico] onto handler of type [class org.springframework.web.servlet.resource.ResourceHttpRequestHandler]
2018-07-03 17:02:27.821  INFO 13808 --- [main] s.w.s.m.m.a.RequestMappingHandlerAdapter : Looking for @ControllerAdvice: org.springframework.boot.web.servlet.context.AnnotationConfigServletWebServerApplicationContext@79b06cab: startup date [Tue Jul 03 17:02:26 CST 2018]; root of context hierarchy
2018-07-03 17:02:27.860  INFO 13808 --- [main] s.w.s.m.m.a.RequestMappingHandlerMapping : Mapped "{[/stu/getAllStudent],methods=[GET]}" onto public java.lang.String com.example.demo.controller.StudentController.getAllStudent(javax.servlet.http.HttpServletRequest)
2018-07-03 17:02:27.864  INFO 13808 --- [main] s.w.s.m.m.a.RequestMappingHandlerMapping : Mapped "{[/error]}" onto public org.springframework.http.ResponseEntity<java.util.Map<java.lang.String, java.lang.Object>> org.springframework.boot.autoconfigure.web.servlet.error.BasicErrorController.error(javax.servlet.http.HttpServletRequest)
2018-07-03 17:02:27.865  INFO 13808 --- [main] s.w.s.m.m.a.RequestMappingHandlerMapping : Mapped "{[/error],produces=[text/html]}" onto public org.springframework.web.servlet.ModelAndView org.springframework.boot.autoconfigure.web.servlet.error.BasicErrorController.errorHtml(javax.servlet.http.HttpServletRequest,javax.servlet.http.HttpServletResponse)
2018-07-03 17:02:27.883  INFO 13808 --- [main] o.s.w.s.handler.SimpleUrlHandlerMapping  : Mapped URL path [/webjars/**] onto handler of type [class org.springframework.web.servlet.resource.ResourceHttpRequestHandler]
2018-07-03 17:02:27.884  INFO 13808 --- [main] o.s.w.s.handler.SimpleUrlHandlerMapping  : Mapped URL path [/**] onto handler of type [class org.springframework.web.servlet.resource.ResourceHttpRequestHandler]
2018-07-03 17:02:27.922  WARN 13808 --- [main] org.thymeleaf.templatemode.TemplateMode  : [THYMELEAF][main] Template Mode 'LEGACYHTML5' is deprecated. Using Template Mode 'HTML' instead.
2018-07-03 17:02:28.093  INFO 13808 --- [main] o.s.j.e.a.AnnotationMBeanExporter        : Registering beans for JMX exposure on startup
2018-07-03 17:02:28.094  INFO 13808 --- [main] o.s.j.e.a.AnnotationMBeanExporter        : Bean with name 'dataSource' has been autodetected for JMX exposure
2018-07-03 17:02:28.099  INFO 13808 --- [main] o.s.j.e.a.AnnotationMBeanExporter        : Located MBean 'dataSource': registering with JMX server as MBean [com.zaxxer.hikari:name=dataSource,type=HikariDataSource]
2018-07-03 17:02:28.128  INFO 13808 --- [main] o.s.b.w.embedded.tomcat.TomcatWebServer  : Tomcat started on port(s): 8080 (http) with context path ''
2018-07-03 17:02:28.130  INFO 13808 --- [main] com.example.demo.SampleApplication       : Started SampleApplication in 2.17 seconds (JVM running for 3.728)
